<?xml version="1.0" encoding="UTF-8"?>
<!-- Generated by org.testng.reporters.JUnitReportReporter -->
<testsuite hostname="DESKTOP-4MSVC5H" failures="0" tests="1" name="demo1.PostWithPayload" time="5.531" errors="0" timestamp="2025-01-28T15:20:42 IST" skipped="0">
  <testcase classname="demo1.PostWithPayload" name="test1" time="5.531"/>
  <system-out/>
</testsuite> <!-- demo1.PostWithPayload -->
