<?xml version="1.0" encoding="UTF-8"?>
<!-- Generated by org.testng.reporters.JUnitReportReporter -->
<testsuite hostname="DESKTOP-4MSVC5H" failures="0" tests="1" name="demo1.F1Example" time="4.054" errors="0" timestamp="2025-01-29T11:40:34 IST" skipped="0">
  <testcase classname="demo1.F1Example" name="test_noOfCircuitsUsingResponseSpec" time="4.054"/>
  <system-out/>
</testsuite> <!-- demo1.F1Example -->
