<?xml version="1.0" encoding="UTF-8"?>
<!-- Generated by org.testng.reporters.JUnitReportReporter -->
<testsuite hostname="DESKTOP-4MSVC5H" failures="0" tests="2" name="demo1.POJOClassJSONObjectPayload" time="0.625" errors="0" timestamp="2025-01-29T12:45:43 IST" skipped="0">
  <testcase classname="demo1.POJOClassJSONObjectPayload" name="BadmintonJSONFromPOJOClass" time="0.618"/>
  <system-out/>
  <testcase classname="demo1.POJOClassJSONObjectPayload" name="BadmintonJSONFromPOJOClass" time="0.007"/>
  <system-out/>
</testsuite> <!-- demo1.POJOClassJSONObjectPayload -->
