<?xml version="1.0" encoding="UTF-8"?>
<!-- Generated by org.testng.reporters.JUnitReportReporter -->
<testsuite hostname="DESKTOP-4MSVC5H" failures="0" tests="1" name="demo1.PostTest" time="4.603" errors="0" timestamp="2025-01-28T15:03:29 IST" skipped="0">
  <testcase classname="demo1.PostTest" name="test1" time="4.603"/>
  <system-out/>
</testsuite> <!-- demo1.PostTest -->
