<?xml version="1.0" encoding="UTF-8"?>
<!-- Generated by org.testng.reporters.JUnitReportReporter -->
<testsuite hostname="DESKTOP-4MSVC5H" failures="0" tests="2" name="demo1.GetTest" time="6.173" errors="0" timestamp="2025-01-29T16:09:53 IST" skipped="0">
  <testcase classname="demo1.GetTest" name="test1" time="4.218"/>
  <system-out/>
  <testcase classname="demo1.GetTest" name="test2" time="1.955"/>
  <system-out/>
</testsuite> <!-- demo1.GetTest -->
