<?xml version="1.0" encoding="UTF-8"?>
<!-- Generated by org.testng.reporters.JUnitReportReporter -->
<testsuite hostname="DESKTOP-4MSVC5H" failures="0" tests="1" name="demo1.POJOClassNestedJSONPayload$CreateNestedJSONFromPOJOClasses" time="0.518" errors="0" timestamp="2025-01-29T15:19:35 IST" skipped="0">
  <testcase classname="demo1.POJOClassNestedJSONPayload$CreateNestedJSONFromPOJOClasses" name="function" time="0.518"/>
  <system-out/>
</testsuite> <!-- demo1.POJOClassNestedJSONPayload$CreateNestedJSONFromPOJOClasses -->
