<?xml version="1.0" encoding="UTF-8"?>
<!-- Generated by org.testng.reporters.JUnitReportReporter -->
<testsuite hostname="DESKTOP-4MSVC5H" failures="0" tests="1" name="demo1.PutExample" time="4.385" errors="0" timestamp="2025-01-28T15:37:29 IST" skipped="0">
  <testcase classname="demo1.PutExample" name="test1" time="4.385"/>
  <system-out/>
</testsuite> <!-- demo1.PutExample -->
